This file contains any messages produced by compilers while
running configure, to aid debugging if configure makes a mistake.

configure:536: checking for gcc
configure:649: checking whether the C compiler (gcc  ) works
configure:665: gcc -o conftest    conftest.c  1>&5
configure:691: checking whether the C compiler (gcc  ) is a cross-compiler
configure:696: checking whether we are using GNU C
configure:705: gcc -E conftest.c
configure:724: checking whether gcc accepts -g
configure:764: checking build shared libs
configure:789: checking build libnfslock
configure:837: checking for ldconfig
configure:871: checking how to run the C preprocessor
configure:892: gcc -E  conftest.c >/dev/null 2>conftest.out
configure:951: checking for ANSI C header files
configure:964: gcc -E  conftest.c >/dev/null 2>conftest.out
configure:1031: gcc -o conftest -g -O2 -Wall -D_GNU_SOURCE -fPIC -D_REENTRANT   conftest.c  1>&5
configure:1063: checking for getopt.h
configure:1073: gcc -E  conftest.c >/dev/null 2>conftest.out
configure:1063: checking for paths.h
configure:1073: gcc -E  conftest.c >/dev/null 2>conftest.out
configure:1063: checking for sys/param.h
configure:1073: gcc -E  conftest.c >/dev/null 2>conftest.out
